2021/05/06 16:23:10 [notice] 1#1: using the "epoll" event method
2021/05/06 16:23:10 [notice] 1#1: nginx/1.20.0
2021/05/06 16:23:10 [notice] 1#1: built by gcc 8.3.0 (Debian 8.3.0-6) 
2021/05/06 16:23:10 [notice] 1#1: OS: Linux 4.19.121-linuxkit
2021/05/06 16:23:10 [notice] 1#1: getrlimit(RLIMIT_NOFILE): 1048576:1048576
2021/05/06 16:23:10 [notice] 1#1: start worker processes
2021/05/06 16:23:10 [notice] 1#1: start worker process 31
2021/05/06 16:23:10 [notice] 1#1: start worker process 32
2021/05/06 16:23:10 [notice] 1#1: start worker process 33
2021/05/06 23:01:34 [notice] 1#1: signal 3 (SIGQUIT) received, shutting down
2021/05/06 23:01:34 [notice] 31#31: gracefully shutting down
2021/05/06 23:01:34 [notice] 33#33: gracefully shutting down
2021/05/06 23:01:34 [notice] 32#32: gracefully shutting down
2021/05/06 23:01:34 [notice] 31#31: exiting
2021/05/06 23:01:34 [notice] 33#33: exiting
2021/05/06 23:01:34 [notice] 32#32: exiting
2021/05/06 23:01:34 [notice] 31#31: exit
2021/05/06 23:01:34 [notice] 33#33: exit
2021/05/06 23:01:34 [notice] 32#32: exit
2021/05/06 23:01:34 [notice] 1#1: signal 17 (SIGCHLD) received from 33
2021/05/06 23:01:34 [notice] 1#1: worker process 31 exited with code 0
2021/05/06 23:01:34 [notice] 1#1: worker process 32 exited with code 0
2021/05/06 23:01:34 [notice] 1#1: worker process 33 exited with code 0
2021/05/06 23:01:34 [notice] 1#1: exit
2021/05/06 23:01:45 [notice] 1#1: using the "epoll" event method
2021/05/06 23:01:45 [notice] 1#1: nginx/1.20.0
2021/05/06 23:01:45 [notice] 1#1: built by gcc 8.3.0 (Debian 8.3.0-6) 
2021/05/06 23:01:45 [notice] 1#1: OS: Linux 4.19.121-linuxkit
2021/05/06 23:01:45 [notice] 1#1: getrlimit(RLIMIT_NOFILE): 1048576:1048576
2021/05/06 23:01:45 [notice] 1#1: start worker processes
2021/05/06 23:01:45 [notice] 1#1: start worker process 32
2021/05/06 23:01:45 [notice] 1#1: start worker process 33
2021/05/06 23:01:45 [notice] 1#1: start worker process 34
2021/05/07 17:21:17 [notice] 1#1: using the "epoll" event method
2021/05/07 17:21:17 [notice] 1#1: nginx/1.20.0
2021/05/07 17:21:17 [notice] 1#1: built by gcc 8.3.0 (Debian 8.3.0-6) 
2021/05/07 17:21:17 [notice] 1#1: OS: Linux 4.19.121-linuxkit
2021/05/07 17:21:17 [notice] 1#1: getrlimit(RLIMIT_NOFILE): 1048576:1048576
2021/05/07 17:21:17 [notice] 1#1: start worker processes
2021/05/07 17:21:17 [notice] 1#1: start worker process 31
2021/05/07 17:21:17 [notice] 1#1: start worker process 32
2021/05/07 17:21:17 [notice] 1#1: start worker process 33
2021/05/07 17:56:51 [notice] 1#1: signal 3 (SIGQUIT) received, shutting down
2021/05/07 17:56:51 [notice] 31#31: gracefully shutting down
2021/05/07 17:56:51 [notice] 32#32: gracefully shutting down
2021/05/07 17:56:51 [notice] 33#33: gracefully shutting down
2021/05/07 17:56:51 [notice] 31#31: exiting
2021/05/07 17:56:51 [notice] 32#32: exiting
2021/05/07 17:56:51 [notice] 33#33: exiting
2021/05/07 17:56:51 [notice] 31#31: exit
2021/05/07 17:56:51 [notice] 32#32: exit
2021/05/07 17:56:51 [notice] 33#33: exit
2021/05/07 17:56:51 [notice] 1#1: signal 17 (SIGCHLD) received from 31
2021/05/07 17:56:51 [notice] 1#1: worker process 31 exited with code 0
2021/05/07 17:56:51 [notice] 1#1: signal 29 (SIGIO) received
2021/05/07 17:56:51 [notice] 1#1: signal 17 (SIGCHLD) received from 32
2021/05/07 17:56:51 [notice] 1#1: worker process 32 exited with code 0
2021/05/07 17:56:51 [notice] 1#1: worker process 33 exited with code 0
2021/05/07 17:56:51 [notice] 1#1: exit
2021/05/07 17:59:10 [notice] 1#1: using the "epoll" event method
2021/05/07 17:59:10 [notice] 1#1: nginx/1.20.0
2021/05/07 17:59:10 [notice] 1#1: built by gcc 8.3.0 (Debian 8.3.0-6) 
2021/05/07 17:59:10 [notice] 1#1: OS: Linux 4.19.121-linuxkit
2021/05/07 17:59:10 [notice] 1#1: getrlimit(RLIMIT_NOFILE): 1048576:1048576
2021/05/07 17:59:10 [notice] 1#1: start worker processes
2021/05/07 17:59:10 [notice] 1#1: start worker process 31
2021/05/07 17:59:10 [notice] 1#1: start worker process 32
2021/05/07 17:59:10 [notice] 1#1: start worker process 33
2021/05/07 18:23:54 [notice] 1#1: signal 3 (SIGQUIT) received, shutting down
2021/05/07 18:23:54 [notice] 31#31: gracefully shutting down
2021/05/07 18:23:54 [notice] 33#33: gracefully shutting down
2021/05/07 18:23:54 [notice] 32#32: gracefully shutting down
2021/05/07 18:23:54 [notice] 31#31: exiting
2021/05/07 18:23:54 [notice] 33#33: exiting
2021/05/07 18:23:54 [notice] 32#32: exiting
2021/05/07 18:23:54 [notice] 31#31: exit
2021/05/07 18:23:54 [notice] 33#33: exit
2021/05/07 18:23:54 [notice] 32#32: exit
2021/05/07 18:23:54 [notice] 1#1: signal 17 (SIGCHLD) received from 31
2021/05/07 18:23:54 [notice] 1#1: worker process 31 exited with code 0
2021/05/07 18:23:54 [notice] 1#1: worker process 32 exited with code 0
2021/05/07 18:23:54 [notice] 1#1: worker process 33 exited with code 0
2021/05/07 18:23:54 [notice] 1#1: exit
2021/05/07 19:03:25 [notice] 1#1: using the "epoll" event method
2021/05/07 19:03:25 [notice] 1#1: nginx/1.20.0
2021/05/07 19:03:25 [notice] 1#1: built by gcc 8.3.0 (Debian 8.3.0-6) 
2021/05/07 19:03:25 [notice] 1#1: OS: Linux 4.19.121-linuxkit
2021/05/07 19:03:25 [notice] 1#1: getrlimit(RLIMIT_NOFILE): 1048576:1048576
2021/05/07 19:03:25 [notice] 1#1: start worker processes
2021/05/07 19:03:25 [notice] 1#1: start worker process 32
2021/05/07 19:03:25 [notice] 1#1: start worker process 33
2021/05/07 19:03:25 [notice] 1#1: start worker process 34
2021/05/07 21:19:27 [notice] 1#1: using the "epoll" event method
2021/05/07 21:19:27 [notice] 1#1: nginx/1.20.0
2021/05/07 21:19:27 [notice] 1#1: built by gcc 8.3.0 (Debian 8.3.0-6) 
2021/05/07 21:19:27 [notice] 1#1: OS: Linux 4.19.121-linuxkit
2021/05/07 21:19:27 [notice] 1#1: getrlimit(RLIMIT_NOFILE): 1048576:1048576
2021/05/07 21:19:27 [notice] 1#1: start worker processes
2021/05/07 21:19:27 [notice] 1#1: start worker process 30
2021/05/07 21:19:27 [notice] 1#1: start worker process 31
2021/05/07 21:19:27 [notice] 1#1: start worker process 32
2021/05/09 11:14:07 [notice] 1#1: using the "epoll" event method
2021/05/09 11:14:07 [notice] 1#1: nginx/1.20.0
2021/05/09 11:14:07 [notice] 1#1: built by gcc 8.3.0 (Debian 8.3.0-6) 
2021/05/09 11:14:07 [notice] 1#1: OS: Linux 4.19.121-linuxkit
2021/05/09 11:14:07 [notice] 1#1: getrlimit(RLIMIT_NOFILE): 1048576:1048576
2021/05/09 11:14:07 [notice] 1#1: start worker processes
2021/05/09 11:14:07 [notice] 1#1: start worker process 30
2021/05/09 11:14:07 [notice] 1#1: start worker process 31
2021/05/09 11:14:07 [notice] 1#1: start worker process 32
2021/05/09 15:17:00 [notice] 1#1: signal 3 (SIGQUIT) received, shutting down
2021/05/09 15:17:00 [notice] 31#31: gracefully shutting down
2021/05/09 15:17:00 [notice] 30#30: gracefully shutting down
2021/05/09 15:17:00 [notice] 30#30: exiting
2021/05/09 15:17:00 [notice] 32#32: gracefully shutting down
2021/05/09 15:17:00 [notice] 31#31: exiting
2021/05/09 15:17:00 [notice] 30#30: exit
2021/05/09 15:17:00 [notice] 32#32: exiting
2021/05/09 15:17:00 [notice] 31#31: exit
2021/05/09 15:17:00 [notice] 32#32: exit
2021/05/09 15:17:00 [notice] 1#1: signal 17 (SIGCHLD) received from 30
2021/05/09 15:17:00 [notice] 1#1: worker process 30 exited with code 0
2021/05/09 15:17:00 [notice] 1#1: worker process 31 exited with code 0
2021/05/09 15:17:00 [notice] 1#1: worker process 32 exited with code 0
2021/05/09 15:17:00 [notice] 1#1: exit
2021/05/09 15:22:38 [notice] 1#1: using the "epoll" event method
2021/05/09 15:22:38 [notice] 1#1: nginx/1.20.0
2021/05/09 15:22:38 [notice] 1#1: built by gcc 8.3.0 (Debian 8.3.0-6) 
2021/05/09 15:22:38 [notice] 1#1: OS: Linux 4.19.121-linuxkit
2021/05/09 15:22:38 [notice] 1#1: getrlimit(RLIMIT_NOFILE): 1048576:1048576
2021/05/09 15:22:38 [notice] 1#1: start worker processes
2021/05/09 15:22:38 [notice] 1#1: start worker process 31
2021/05/09 15:22:38 [notice] 1#1: start worker process 32
2021/05/09 15:22:38 [notice] 1#1: start worker process 33
2023/04/03 14:19:56 [notice] 1#1: using the "epoll" event method
2023/04/03 14:19:56 [notice] 1#1: nginx/1.20.2
2023/04/03 14:19:56 [notice] 1#1: built by gcc 10.2.1 20210110 (Debian 10.2.1-6) 
2023/04/03 14:19:56 [notice] 1#1: OS: Linux 5.10.104-linuxkit
2023/04/03 14:19:56 [notice] 1#1: getrlimit(RLIMIT_NOFILE): 1048576:1048576
2023/04/03 14:19:56 [notice] 1#1: start worker processes
2023/04/03 14:19:56 [notice] 1#1: start worker process 30
2023/04/03 14:19:56 [notice] 1#1: start worker process 31
2023/04/03 14:19:56 [notice] 1#1: start worker process 32
2023/04/03 14:19:56 [notice] 1#1: start worker process 33
2023/04/03 14:19:56 [notice] 1#1: start worker process 34
2023/04/03 14:23:16 [notice] 1#1: signal 3 (SIGQUIT) received, shutting down
2023/04/03 14:23:16 [notice] 30#30: gracefully shutting down
2023/04/03 14:23:16 [notice] 30#30: exiting
2023/04/03 14:23:16 [notice] 32#32: gracefully shutting down
2023/04/03 14:23:16 [notice] 34#34: gracefully shutting down
2023/04/03 14:23:16 [notice] 31#31: gracefully shutting down
2023/04/03 14:23:16 [notice] 33#33: gracefully shutting down
2023/04/03 14:23:16 [notice] 30#30: exit
2023/04/03 14:23:16 [notice] 32#32: exiting
2023/04/03 14:23:16 [notice] 32#32: exit
2023/04/03 14:23:16 [notice] 34#34: exiting
2023/04/03 14:23:16 [notice] 31#31: exiting
2023/04/03 14:23:16 [notice] 33#33: exiting
2023/04/03 14:23:16 [notice] 33#33: exit
2023/04/03 14:23:16 [notice] 34#34: exit
2023/04/03 14:23:16 [notice] 31#31: exit
2023/04/03 14:23:16 [notice] 1#1: signal 17 (SIGCHLD) received from 30
2023/04/03 14:23:16 [notice] 1#1: worker process 30 exited with code 0
2023/04/03 14:23:16 [notice] 1#1: signal 29 (SIGIO) received
2023/04/03 14:23:16 [notice] 1#1: signal 17 (SIGCHLD) received from 34
2023/04/03 14:23:16 [notice] 1#1: worker process 32 exited with code 0
2023/04/03 14:23:16 [notice] 1#1: worker process 33 exited with code 0
2023/04/03 14:23:16 [notice] 1#1: worker process 34 exited with code 0
2023/04/03 14:23:16 [notice] 1#1: signal 29 (SIGIO) received
2023/04/03 14:23:16 [notice] 1#1: signal 17 (SIGCHLD) received from 32
2023/04/03 14:23:16 [notice] 1#1: signal 17 (SIGCHLD) received from 31
2023/04/03 14:23:16 [notice] 1#1: worker process 31 exited with code 0
2023/04/03 14:23:16 [notice] 1#1: exit
2023/04/03 14:25:05 [notice] 1#1: using the "epoll" event method
2023/04/03 14:25:05 [notice] 1#1: nginx/1.20.2
2023/04/03 14:25:05 [notice] 1#1: built by gcc 10.2.1 20210110 (Debian 10.2.1-6) 
2023/04/03 14:25:05 [notice] 1#1: OS: Linux 5.10.104-linuxkit
2023/04/03 14:25:05 [notice] 1#1: getrlimit(RLIMIT_NOFILE): 1048576:1048576
2023/04/03 14:25:05 [notice] 1#1: start worker processes
2023/04/03 14:25:05 [notice] 1#1: start worker process 30
2023/04/03 14:25:05 [notice] 1#1: start worker process 31
2023/04/03 14:25:05 [notice] 1#1: start worker process 32
2023/04/03 14:25:05 [notice] 1#1: start worker process 33
2023/04/03 14:25:05 [notice] 1#1: start worker process 34
2023/04/03 15:05:32 [notice] 1#1: signal 3 (SIGQUIT) received, shutting down
2023/04/03 15:05:32 [notice] 32#32: gracefully shutting down
2023/04/03 15:05:32 [notice] 31#31: gracefully shutting down
2023/04/03 15:05:32 [notice] 30#30: gracefully shutting down
2023/04/03 15:05:32 [notice] 34#34: gracefully shutting down
2023/04/03 15:05:32 [notice] 33#33: gracefully shutting down
2023/04/03 15:05:32 [notice] 33#33: exiting
2023/04/03 15:05:32 [notice] 32#32: exiting
2023/04/03 15:05:32 [notice] 31#31: exiting
2023/04/03 15:05:32 [notice] 30#30: exiting
2023/04/03 15:05:32 [notice] 34#34: exiting
2023/04/03 15:05:32 [notice] 33#33: exit
2023/04/03 15:05:32 [notice] 32#32: exit
2023/04/03 15:05:32 [notice] 31#31: exit
2023/04/03 15:05:32 [notice] 30#30: exit
2023/04/03 15:05:32 [notice] 34#34: exit
2023/04/03 15:05:32 [notice] 1#1: signal 17 (SIGCHLD) received from 33
2023/04/03 15:05:32 [notice] 1#1: worker process 30 exited with code 0
2023/04/03 15:05:32 [notice] 1#1: worker process 33 exited with code 0
2023/04/03 15:05:32 [notice] 1#1: signal 29 (SIGIO) received
2023/04/03 15:05:32 [notice] 1#1: signal 17 (SIGCHLD) received from 31
2023/04/03 15:05:32 [notice] 1#1: worker process 31 exited with code 0
2023/04/03 15:05:32 [notice] 1#1: worker process 32 exited with code 0
2023/04/03 15:05:32 [notice] 1#1: signal 29 (SIGIO) received
2023/04/03 15:05:32 [notice] 1#1: signal 17 (SIGCHLD) received from 32
2023/04/03 15:05:32 [notice] 1#1: worker process 34 exited with code 0
2023/04/03 15:05:32 [notice] 1#1: exit
2023/04/03 15:05:53 [notice] 1#1: using the "epoll" event method
2023/04/03 15:05:53 [notice] 1#1: nginx/1.20.2
2023/04/03 15:05:53 [notice] 1#1: built by gcc 10.2.1 20210110 (Debian 10.2.1-6) 
2023/04/03 15:05:53 [notice] 1#1: OS: Linux 5.10.104-linuxkit
2023/04/03 15:05:53 [notice] 1#1: getrlimit(RLIMIT_NOFILE): 1048576:1048576
2023/04/03 15:05:53 [notice] 1#1: start worker processes
2023/04/03 15:05:53 [notice] 1#1: start worker process 30
2023/04/03 15:05:53 [notice] 1#1: start worker process 31
2023/04/03 15:05:53 [notice] 1#1: start worker process 32
2023/04/03 15:05:53 [notice] 1#1: start worker process 33
2023/04/03 15:05:53 [notice] 1#1: start worker process 34
2023/04/03 15:33:03 [notice] 1#1: signal 3 (SIGQUIT) received, shutting down
2023/04/03 15:33:03 [notice] 34#34: gracefully shutting down
2023/04/03 15:33:03 [notice] 31#31: gracefully shutting down
2023/04/03 15:33:03 [notice] 32#32: gracefully shutting down
2023/04/03 15:33:03 [notice] 32#32: exiting
2023/04/03 15:33:03 [notice] 30#30: gracefully shutting down
2023/04/03 15:33:03 [notice] 33#33: gracefully shutting down
2023/04/03 15:33:03 [notice] 33#33: exiting
2023/04/03 15:33:03 [notice] 34#34: exiting
2023/04/03 15:33:03 [notice] 31#31: exiting
2023/04/03 15:33:03 [notice] 32#32: exit
2023/04/03 15:33:03 [notice] 30#30: exiting
2023/04/03 15:33:03 [notice] 33#33: exit
2023/04/03 15:33:03 [notice] 34#34: exit
2023/04/03 15:33:03 [notice] 31#31: exit
2023/04/03 15:33:03 [notice] 30#30: exit
2023/04/03 15:33:03 [notice] 1#1: signal 17 (SIGCHLD) received from 33
2023/04/03 15:33:03 [notice] 1#1: worker process 31 exited with code 0
2023/04/03 15:33:03 [notice] 1#1: worker process 33 exited with code 0
2023/04/03 15:33:03 [notice] 1#1: signal 29 (SIGIO) received
2023/04/03 15:33:03 [notice] 1#1: signal 17 (SIGCHLD) received from 31
2023/04/03 15:33:03 [notice] 1#1: signal 17 (SIGCHLD) received from 32
2023/04/03 15:33:03 [notice] 1#1: worker process 30 exited with code 0
2023/04/03 15:33:03 [notice] 1#1: worker process 32 exited with code 0
2023/04/03 15:33:03 [notice] 1#1: worker process 34 exited with code 0
2023/04/03 15:33:03 [notice] 1#1: exit
2023/04/03 15:33:32 [notice] 1#1: using the "epoll" event method
2023/04/03 15:33:32 [notice] 1#1: nginx/1.20.2
2023/04/03 15:33:32 [notice] 1#1: built by gcc 10.2.1 20210110 (Debian 10.2.1-6) 
2023/04/03 15:33:32 [notice] 1#1: OS: Linux 5.10.104-linuxkit
2023/04/03 15:33:32 [notice] 1#1: getrlimit(RLIMIT_NOFILE): 1048576:1048576
2023/04/03 15:33:32 [notice] 1#1: start worker processes
2023/04/03 15:33:32 [notice] 1#1: start worker process 30
2023/04/03 15:33:32 [notice] 1#1: start worker process 31
2023/04/03 15:33:32 [notice] 1#1: start worker process 32
2023/04/03 15:33:32 [notice] 1#1: start worker process 33
2023/04/03 15:33:32 [notice] 1#1: start worker process 34
2023/04/03 16:10:36 [notice] 1#1: signal 3 (SIGQUIT) received, shutting down
2023/04/03 16:10:36 [notice] 32#32: gracefully shutting down
2023/04/03 16:10:36 [notice] 31#31: gracefully shutting down
2023/04/03 16:10:36 [notice] 30#30: gracefully shutting down
2023/04/03 16:10:36 [notice] 34#34: gracefully shutting down
2023/04/03 16:10:36 [notice] 33#33: gracefully shutting down
2023/04/03 16:10:36 [notice] 32#32: exiting
2023/04/03 16:10:36 [notice] 32#32: exit
2023/04/03 16:10:36 [notice] 31#31: exiting
2023/04/03 16:10:36 [notice] 30#30: exiting
2023/04/03 16:10:36 [notice] 30#30: exit
2023/04/03 16:10:36 [notice] 34#34: exiting
2023/04/03 16:10:36 [notice] 33#33: exiting
2023/04/03 16:10:36 [notice] 31#31: exit
2023/04/03 16:10:36 [notice] 34#34: exit
2023/04/03 16:10:36 [notice] 33#33: exit
2023/04/03 16:10:36 [notice] 1#1: signal 17 (SIGCHLD) received from 34
2023/04/03 16:10:36 [notice] 1#1: worker process 30 exited with code 0
2023/04/03 16:10:36 [notice] 1#1: worker process 31 exited with code 0
2023/04/03 16:10:36 [notice] 1#1: worker process 32 exited with code 0
2023/04/03 16:10:36 [notice] 1#1: worker process 33 exited with code 0
2023/04/03 16:10:36 [notice] 1#1: worker process 34 exited with code 0
2023/04/03 16:10:36 [notice] 1#1: exit
2023/04/03 16:11:14 [notice] 1#1: using the "epoll" event method
2023/04/03 16:11:14 [notice] 1#1: nginx/1.20.2
2023/04/03 16:11:14 [notice] 1#1: built by gcc 10.2.1 20210110 (Debian 10.2.1-6) 
2023/04/03 16:11:14 [notice] 1#1: OS: Linux 5.10.104-linuxkit
2023/04/03 16:11:14 [notice] 1#1: getrlimit(RLIMIT_NOFILE): 1048576:1048576
2023/04/03 16:11:14 [notice] 1#1: start worker processes
2023/04/03 16:11:14 [notice] 1#1: start worker process 30
2023/04/03 16:11:14 [notice] 1#1: start worker process 31
2023/04/03 16:11:14 [notice] 1#1: start worker process 32
2023/04/03 16:11:14 [notice] 1#1: start worker process 33
2023/04/03 16:11:14 [notice] 1#1: start worker process 34
2023/04/04 12:50:03 [notice] 1#1: using the "epoll" event method
2023/04/04 12:50:03 [notice] 1#1: nginx/1.20.2
2023/04/04 12:50:03 [notice] 1#1: built by gcc 10.2.1 20210110 (Debian 10.2.1-6) 
2023/04/04 12:50:03 [notice] 1#1: OS: Linux 5.10.104-linuxkit
2023/04/04 12:50:03 [notice] 1#1: getrlimit(RLIMIT_NOFILE): 1048576:1048576
2023/04/04 12:50:03 [notice] 1#1: start worker processes
2023/04/04 12:50:03 [notice] 1#1: start worker process 30
2023/04/04 12:50:03 [notice] 1#1: start worker process 31
2023/04/04 12:50:03 [notice] 1#1: start worker process 32
2023/04/04 12:50:03 [notice] 1#1: start worker process 33
2023/04/04 12:50:03 [notice] 1#1: start worker process 34
2023/04/04 13:52:44 [notice] 1#1: signal 3 (SIGQUIT) received, shutting down
2023/04/04 13:52:44 [notice] 30#30: gracefully shutting down
2023/04/04 13:52:44 [notice] 32#32: gracefully shutting down
2023/04/04 13:52:44 [notice] 31#31: gracefully shutting down
2023/04/04 13:52:44 [notice] 34#34: gracefully shutting down
2023/04/04 13:52:44 [notice] 33#33: gracefully shutting down
2023/04/04 13:52:44 [notice] 30#30: exiting
2023/04/04 13:52:44 [notice] 30#30: exit
2023/04/04 13:52:44 [notice] 32#32: exiting
2023/04/04 13:52:44 [notice] 31#31: exiting
2023/04/04 13:52:44 [notice] 34#34: exiting
2023/04/04 13:52:44 [notice] 34#34: exit
2023/04/04 13:52:44 [notice] 33#33: exiting
2023/04/04 13:52:44 [notice] 32#32: exit
2023/04/04 13:52:44 [notice] 31#31: exit
2023/04/04 13:52:44 [notice] 33#33: exit
2023/04/04 13:52:44 [notice] 1#1: signal 17 (SIGCHLD) received from 30
2023/04/04 13:52:44 [notice] 1#1: worker process 30 exited with code 0
2023/04/04 13:52:44 [notice] 1#1: signal 29 (SIGIO) received
2023/04/04 13:52:44 [notice] 1#1: signal 17 (SIGCHLD) received from 34
2023/04/04 13:52:44 [notice] 1#1: worker process 34 exited with code 0
2023/04/04 13:52:44 [notice] 1#1: signal 29 (SIGIO) received
2023/04/04 13:52:44 [notice] 1#1: signal 17 (SIGCHLD) received from 32
2023/04/04 13:52:44 [notice] 1#1: worker process 32 exited with code 0
2023/04/04 13:52:44 [notice] 1#1: signal 29 (SIGIO) received
2023/04/04 13:52:44 [notice] 1#1: signal 17 (SIGCHLD) received from 33
2023/04/04 13:52:44 [notice] 1#1: worker process 33 exited with code 0
2023/04/04 13:52:44 [notice] 1#1: signal 29 (SIGIO) received
2023/04/04 13:52:44 [notice] 1#1: signal 17 (SIGCHLD) received from 31
2023/04/04 13:52:44 [notice] 1#1: worker process 31 exited with code 0
2023/04/04 13:52:44 [notice] 1#1: exit
2023/04/04 13:54:05 [notice] 1#1: using the "epoll" event method
2023/04/04 13:54:05 [notice] 1#1: nginx/1.20.2
2023/04/04 13:54:05 [notice] 1#1: built by gcc 10.2.1 20210110 (Debian 10.2.1-6) 
2023/04/04 13:54:05 [notice] 1#1: OS: Linux 5.10.104-linuxkit
2023/04/04 13:54:05 [notice] 1#1: getrlimit(RLIMIT_NOFILE): 1048576:1048576
2023/04/04 13:54:05 [notice] 1#1: start worker processes
2023/04/04 13:54:05 [notice] 1#1: start worker process 30
2023/04/04 13:54:05 [notice] 1#1: start worker process 31
2023/04/04 13:54:05 [notice] 1#1: start worker process 32
2023/04/04 13:54:05 [notice] 1#1: start worker process 33
2023/04/04 13:54:05 [notice] 1#1: start worker process 34
2023/04/04 13:54:05 [notice] 1#1: using the "epoll" event method
2023/04/04 13:54:05 [notice] 1#1: nginx/1.20.2
2023/04/04 13:54:05 [notice] 1#1: built by gcc 10.2.1 20210110 (Debian 10.2.1-6) 
2023/04/04 13:54:05 [notice] 1#1: OS: Linux 5.10.104-linuxkit
2023/04/04 13:54:05 [notice] 1#1: getrlimit(RLIMIT_NOFILE): 1048576:1048576
2023/04/04 13:54:05 [notice] 1#1: start worker processes
2023/04/04 13:54:05 [notice] 1#1: start worker process 30
2023/04/04 13:54:05 [notice] 1#1: start worker process 31
2023/04/04 13:54:05 [notice] 1#1: start worker process 32
2023/04/04 13:54:05 [notice] 1#1: start worker process 33
2023/04/04 13:54:05 [notice] 1#1: start worker process 34
2023/04/04 13:59:24 [notice] 1#1: signal 3 (SIGQUIT) received, shutting down
2023/04/04 13:59:24 [notice] 34#34: gracefully shutting down
2023/04/04 13:59:24 [notice] 1#1: signal 3 (SIGQUIT) received, shutting down
2023/04/04 13:59:24 [notice] 34#34: exiting
2023/04/04 13:59:24 [notice] 34#34: gracefully shutting down
2023/04/04 13:59:24 [notice] 30#30: gracefully shutting down
2023/04/04 13:59:24 [notice] 31#31: gracefully shutting down
2023/04/04 13:59:24 [notice] 31#31: exiting
2023/04/04 13:59:24 [notice] 32#32: gracefully shutting down
2023/04/04 13:59:24 [notice] 32#32: gracefully shutting down
2023/04/04 13:59:24 [notice] 31#31: gracefully shutting down
2023/04/04 13:59:24 [notice] 32#32: exiting
2023/04/04 13:59:24 [notice] 33#33: gracefully shutting down
2023/04/04 13:59:24 [notice] 33#33: exiting
2023/04/04 13:59:24 [notice] 34#34: exiting
2023/04/04 13:59:24 [notice] 30#30: exiting
2023/04/04 13:59:24 [notice] 32#32: exiting
2023/04/04 13:59:24 [notice] 33#33: gracefully shutting down
2023/04/04 13:59:24 [notice] 33#33: exiting
2023/04/04 13:59:24 [notice] 31#31: exiting
2023/04/04 13:59:24 [notice] 30#30: gracefully shutting down
2023/04/04 13:59:24 [notice] 31#31: exit
2023/04/04 13:59:24 [notice] 33#33: exit
2023/04/04 13:59:24 [notice] 30#30: exiting
2023/04/04 13:59:24 [notice] 34#34: exit
2023/04/04 13:59:24 [notice] 31#31: exit
2023/04/04 13:59:24 [notice] 32#32: exit
2023/04/04 13:59:24 [notice] 34#34: exit
2023/04/04 13:59:24 [notice] 30#30: exit
2023/04/04 13:59:24 [notice] 33#33: exit
2023/04/04 13:59:24 [notice] 32#32: exit
2023/04/04 13:59:24 [notice] 30#30: exit
2023/04/04 13:59:24 [notice] 1#1: signal 17 (SIGCHLD) received from 32
2023/04/04 13:59:24 [notice] 1#1: worker process 32 exited with code 0
2023/04/04 13:59:24 [notice] 1#1: signal 29 (SIGIO) received
2023/04/04 13:59:24 [notice] 1#1: signal 17 (SIGCHLD) received from 33
2023/04/04 13:59:24 [notice] 1#1: worker process 30 exited with code 0
2023/04/04 13:59:24 [notice] 1#1: signal 17 (SIGCHLD) received from 33
2023/04/04 13:59:24 [notice] 1#1: worker process 33 exited with code 0
2023/04/04 13:59:24 [notice] 1#1: worker process 31 exited with code 0
2023/04/04 13:59:24 [notice] 1#1: worker process 33 exited with code 0
2023/04/04 13:59:24 [notice] 1#1: signal 29 (SIGIO) received
2023/04/04 13:59:24 [notice] 1#1: signal 17 (SIGCHLD) received from 31
2023/04/04 13:59:24 [notice] 1#1: worker process 34 exited with code 0
2023/04/04 13:59:24 [notice] 1#1: signal 29 (SIGIO) received
2023/04/04 13:59:24 [notice] 1#1: signal 17 (SIGCHLD) received from 34
2023/04/04 13:59:24 [notice] 1#1: worker process 31 exited with code 0
2023/04/04 13:59:24 [notice] 1#1: worker process 34 exited with code 0
2023/04/04 13:59:24 [notice] 1#1: signal 17 (SIGCHLD) received from 31
2023/04/04 13:59:24 [notice] 1#1: signal 29 (SIGIO) received
2023/04/04 13:59:24 [notice] 1#1: signal 29 (SIGIO) received
2023/04/04 13:59:24 [notice] 1#1: signal 17 (SIGCHLD) received from 30
2023/04/04 13:59:24 [notice] 1#1: worker process 30 exited with code 0
2023/04/04 13:59:24 [notice] 1#1: signal 17 (SIGCHLD) received from 32
2023/04/04 13:59:24 [notice] 1#1: worker process 32 exited with code 0
2023/04/04 13:59:24 [notice] 1#1: exit
2023/04/04 13:59:24 [notice] 1#1: exit
2023/04/04 14:00:00 [notice] 1#1: using the "epoll" event method
2023/04/04 14:00:00 [notice] 1#1: nginx/1.20.2
2023/04/04 14:00:00 [notice] 1#1: built by gcc 10.2.1 20210110 (Debian 10.2.1-6) 
2023/04/04 14:00:00 [notice] 1#1: OS: Linux 5.10.104-linuxkit
2023/04/04 14:00:00 [notice] 1#1: getrlimit(RLIMIT_NOFILE): 1048576:1048576
2023/04/04 14:00:00 [notice] 1#1: start worker processes
2023/04/04 14:00:00 [notice] 1#1: start worker process 29
2023/04/04 14:00:00 [notice] 1#1: start worker process 30
2023/04/04 14:00:00 [notice] 1#1: start worker process 31
2023/04/04 14:00:00 [notice] 1#1: start worker process 32
2023/04/04 14:00:00 [notice] 1#1: start worker process 33
2023/04/04 14:00:00 [notice] 1#1: using the "epoll" event method
2023/04/04 14:00:00 [notice] 1#1: nginx/1.20.2
2023/04/04 14:00:00 [notice] 1#1: built by gcc 10.2.1 20210110 (Debian 10.2.1-6) 
2023/04/04 14:00:00 [notice] 1#1: OS: Linux 5.10.104-linuxkit
2023/04/04 14:00:00 [notice] 1#1: getrlimit(RLIMIT_NOFILE): 1048576:1048576
2023/04/04 14:00:00 [notice] 1#1: start worker processes
2023/04/04 14:00:00 [notice] 1#1: start worker process 30
2023/04/04 14:00:00 [notice] 1#1: start worker process 31
2023/04/04 14:00:00 [notice] 1#1: start worker process 32
2023/04/04 14:00:00 [notice] 1#1: start worker process 33
2023/04/04 14:00:00 [notice] 1#1: start worker process 34
2023/04/04 14:01:13 [notice] 1#1: signal 3 (SIGQUIT) received, shutting down
2023/04/04 14:01:13 [notice] 1#1: signal 3 (SIGQUIT) received, shutting down
2023/04/04 14:01:13 [notice] 34#34: gracefully shutting down
2023/04/04 14:01:13 [notice] 31#31: gracefully shutting down
2023/04/04 14:01:13 [notice] 31#31: gracefully shutting down
2023/04/04 14:01:13 [notice] 29#29: gracefully shutting down
2023/04/04 14:01:13 [notice] 31#31: exiting
2023/04/04 14:01:13 [notice] 33#33: gracefully shutting down
2023/04/04 14:01:13 [notice] 32#32: gracefully shutting down
2023/04/04 14:01:13 [notice] 30#30: gracefully shutting down
2023/04/04 14:01:13 [notice] 30#30: exiting
2023/04/04 14:01:13 [notice] 33#33: exiting
2023/04/04 14:01:13 [notice] 33#33: gracefully shutting down
2023/04/04 14:01:13 [notice] 33#33: exiting
2023/04/04 14:01:13 [notice] 32#32: gracefully shutting down
2023/04/04 14:01:13 [notice] 34#34: exiting
2023/04/04 14:01:13 [notice] 32#32: exiting
2023/04/04 14:01:13 [notice] 31#31: exit
2023/04/04 14:01:13 [notice] 30#30: gracefully shutting down
2023/04/04 14:01:13 [notice] 32#32: exiting
2023/04/04 14:01:13 [notice] 31#31: exiting
2023/04/04 14:01:13 [notice] 30#30: exit
2023/04/04 14:01:13 [notice] 33#33: exit
2023/04/04 14:01:13 [notice] 31#31: exit
2023/04/04 14:01:13 [notice] 29#29: exiting
2023/04/04 14:01:13 [notice] 34#34: exit
2023/04/04 14:01:13 [notice] 32#32: exit
2023/04/04 14:01:13 [notice] 33#33: exit
2023/04/04 14:01:13 [notice] 32#32: exit
2023/04/04 14:01:13 [notice] 30#30: exiting
2023/04/04 14:01:13 [notice] 30#30: exit
2023/04/04 14:01:13 [notice] 29#29: exit
2023/04/04 14:01:13 [notice] 1#1: signal 17 (SIGCHLD) received from 31
2023/04/04 14:01:13 [notice] 1#1: worker process 31 exited with code 0
2023/04/04 14:01:13 [notice] 1#1: signal 29 (SIGIO) received
2023/04/04 14:01:13 [notice] 1#1: signal 17 (SIGCHLD) received from 33
2023/04/04 14:01:13 [notice] 1#1: worker process 33 exited with code 0
2023/04/04 14:01:13 [notice] 1#1: worker process 34 exited with code 0
2023/04/04 14:01:13 [notice] 1#1: signal 29 (SIGIO) received
2023/04/04 14:01:13 [notice] 1#1: signal 17 (SIGCHLD) received from 31
2023/04/04 14:01:13 [notice] 1#1: worker process 31 exited with code 0
2023/04/04 14:01:13 [notice] 1#1: signal 29 (SIGIO) received
2023/04/04 14:01:13 [notice] 1#1: signal 17 (SIGCHLD) received from 32
2023/04/04 14:01:13 [notice] 1#1: worker process 32 exited with code 0
2023/04/04 14:01:13 [notice] 1#1: signal 29 (SIGIO) received
2023/04/04 14:01:13 [notice] 1#1: signal 17 (SIGCHLD) received from 33
2023/04/04 14:01:13 [notice] 1#1: worker process 32 exited with code 0
2023/04/04 14:01:13 [notice] 1#1: worker process 33 exited with code 0
2023/04/04 14:01:13 [notice] 1#1: signal 29 (SIGIO) received
2023/04/04 14:01:13 [notice] 1#1: signal 17 (SIGCHLD) received from 32
2023/04/04 14:01:13 [notice] 1#1: worker process 30 exited with code 0
2023/04/04 14:01:13 [notice] 1#1: signal 17 (SIGCHLD) received from 30
2023/04/04 14:01:13 [notice] 1#1: worker process 30 exited with code 0
2023/04/04 14:01:13 [notice] 1#1: signal 17 (SIGCHLD) received from 30
2023/04/04 14:01:13 [notice] 1#1: worker process 29 exited with code 0
2023/04/04 14:01:13 [notice] 1#1: exit
2023/04/04 14:01:13 [notice] 1#1: exit
2023/04/04 14:01:19 [notice] 1#1: using the "epoll" event method
2023/04/04 14:01:19 [notice] 1#1: nginx/1.20.2
2023/04/04 14:01:19 [notice] 1#1: built by gcc 10.2.1 20210110 (Debian 10.2.1-6) 
2023/04/04 14:01:19 [notice] 1#1: OS: Linux 5.10.104-linuxkit
2023/04/04 14:01:19 [notice] 1#1: getrlimit(RLIMIT_NOFILE): 1048576:1048576
2023/04/04 14:01:19 [notice] 1#1: start worker processes
2023/04/04 14:01:19 [notice] 1#1: start worker process 29
2023/04/04 14:01:19 [notice] 1#1: start worker process 30
2023/04/04 14:01:19 [notice] 1#1: start worker process 31
2023/04/04 14:01:19 [notice] 1#1: start worker process 32
2023/04/04 14:01:19 [notice] 1#1: start worker process 33
2023/04/04 14:01:20 [notice] 1#1: using the "epoll" event method
2023/04/04 14:01:20 [notice] 1#1: nginx/1.20.2
2023/04/04 14:01:20 [notice] 1#1: built by gcc 10.2.1 20210110 (Debian 10.2.1-6) 
2023/04/04 14:01:20 [notice] 1#1: OS: Linux 5.10.104-linuxkit
2023/04/04 14:01:20 [notice] 1#1: getrlimit(RLIMIT_NOFILE): 1048576:1048576
2023/04/04 14:01:20 [notice] 1#1: start worker processes
2023/04/04 14:01:20 [notice] 1#1: start worker process 30
2023/04/04 14:01:20 [notice] 1#1: start worker process 31
2023/04/04 14:01:20 [notice] 1#1: start worker process 32
2023/04/04 14:01:20 [notice] 1#1: start worker process 33
2023/04/04 14:01:20 [notice] 1#1: start worker process 34
2023/04/04 14:02:01 [notice] 1#1: signal 3 (SIGQUIT) received, shutting down
2023/04/04 14:02:01 [notice] 30#30: gracefully shutting down
2023/04/04 14:02:01 [notice] 1#1: signal 3 (SIGQUIT) received, shutting down
2023/04/04 14:02:01 [notice] 33#33: gracefully shutting down
2023/04/04 14:02:01 [notice] 32#32: gracefully shutting down
2023/04/04 14:02:01 [notice] 30#30: gracefully shutting down
2023/04/04 14:02:01 [notice] 29#29: gracefully shutting down
2023/04/04 14:02:01 [notice] 32#32: exiting
2023/04/04 14:02:01 [notice] 31#31: gracefully shutting down
2023/04/04 14:02:01 [notice] 29#29: exiting
2023/04/04 14:02:01 [notice] 34#34: gracefully shutting down
2023/04/04 14:02:01 [notice] 30#30: exiting
2023/04/04 14:02:01 [notice] 33#33: exiting
2023/04/04 14:02:01 [notice] 33#33: gracefully shutting down
2023/04/04 14:02:01 [notice] 32#32: exit
2023/04/04 14:02:01 [notice] 31#31: exiting
2023/04/04 14:02:01 [notice] 32#32: gracefully shutting down
2023/04/04 14:02:01 [notice] 34#34: exiting
2023/04/04 14:02:01 [notice] 34#34: exit
2023/04/04 14:02:01 [notice] 32#32: exiting
2023/04/04 14:02:01 [notice] 31#31: gracefully shutting down
2023/04/04 14:02:01 [notice] 30#30: exit
2023/04/04 14:02:01 [notice] 31#31: exiting
2023/04/04 14:02:01 [notice] 30#30: exiting
2023/04/04 14:02:01 [notice] 29#29: exit
2023/04/04 14:02:01 [notice] 33#33: exiting
2023/04/04 14:02:01 [notice] 32#32: exit
2023/04/04 14:02:01 [notice] 33#33: exit
2023/04/04 14:02:01 [notice] 31#31: exit
2023/04/04 14:02:01 [notice] 30#30: exit
2023/04/04 14:02:01 [notice] 31#31: exit
2023/04/04 14:02:01 [notice] 33#33: exit
2023/04/04 14:02:01 [notice] 1#1: signal 17 (SIGCHLD) received from 32
2023/04/04 14:02:01 [notice] 1#1: worker process 32 exited with code 0
2023/04/04 14:02:01 [notice] 1#1: worker process 34 exited with code 0
2023/04/04 14:02:01 [notice] 1#1: signal 29 (SIGIO) received
2023/04/04 14:02:01 [notice] 1#1: signal 17 (SIGCHLD) received from 33
2023/04/04 14:02:01 [notice] 1#1: worker process 32 exited with code 0
2023/04/04 14:02:01 [notice] 1#1: worker process 33 exited with code 0
2023/04/04 14:02:01 [notice] 1#1: signal 29 (SIGIO) received
2023/04/04 14:02:01 [notice] 1#1: signal 17 (SIGCHLD) received from 32
2023/04/04 14:02:01 [notice] 1#1: worker process 30 exited with code 0
2023/04/04 14:02:01 [notice] 1#1: signal 29 (SIGIO) received
2023/04/04 14:02:01 [notice] 1#1: signal 17 (SIGCHLD) received from 30
2023/04/04 14:02:01 [notice] 1#1: signal 17 (SIGCHLD) received from 31
2023/04/04 14:02:01 [notice] 1#1: worker process 31 exited with code 0
2023/04/04 14:02:01 [notice] 1#1: signal 17 (SIGCHLD) received from 30
2023/04/04 14:02:01 [notice] 1#1: worker process 30 exited with code 0
2023/04/04 14:02:01 [notice] 1#1: worker process 31 exited with code 0
2023/04/04 14:02:01 [notice] 1#1: worker process 33 exited with code 0
2023/04/04 14:02:01 [notice] 1#1: signal 29 (SIGIO) received
2023/04/04 14:02:01 [notice] 1#1: signal 17 (SIGCHLD) received from 29
2023/04/04 14:02:01 [notice] 1#1: worker process 29 exited with code 0
2023/04/04 14:02:01 [notice] 1#1: exit
2023/04/04 14:02:01 [notice] 1#1: exit
2023/04/04 14:02:08 [notice] 1#1: using the "epoll" event method
2023/04/04 14:02:08 [notice] 1#1: nginx/1.20.2
2023/04/04 14:02:08 [notice] 1#1: built by gcc 10.2.1 20210110 (Debian 10.2.1-6) 
2023/04/04 14:02:08 [notice] 1#1: OS: Linux 5.10.104-linuxkit
2023/04/04 14:02:08 [notice] 1#1: getrlimit(RLIMIT_NOFILE): 1048576:1048576
2023/04/04 14:02:08 [notice] 1#1: start worker processes
2023/04/04 14:02:08 [notice] 1#1: start worker process 30
2023/04/04 14:02:08 [notice] 1#1: start worker process 31
2023/04/04 14:02:08 [notice] 1#1: start worker process 32
2023/04/04 14:02:08 [notice] 1#1: start worker process 33
2023/04/04 14:02:08 [notice] 1#1: start worker process 34
2023/04/04 14:02:08 [notice] 1#1: using the "epoll" event method
2023/04/04 14:02:08 [notice] 1#1: nginx/1.20.2
2023/04/04 14:02:08 [notice] 1#1: built by gcc 10.2.1 20210110 (Debian 10.2.1-6) 
2023/04/04 14:02:08 [notice] 1#1: OS: Linux 5.10.104-linuxkit
2023/04/04 14:02:08 [notice] 1#1: getrlimit(RLIMIT_NOFILE): 1048576:1048576
2023/04/04 14:02:08 [notice] 1#1: start worker processes
2023/04/04 14:02:08 [notice] 1#1: start worker process 30
2023/04/04 14:02:08 [notice] 1#1: start worker process 31
2023/04/04 14:02:08 [notice] 1#1: start worker process 32
2023/04/04 14:02:08 [notice] 1#1: start worker process 33
2023/04/04 14:02:08 [notice] 1#1: start worker process 34
2023/04/04 14:07:44 [notice] 1#1: signal 3 (SIGQUIT) received, shutting down
2023/04/04 14:07:44 [notice] 30#30: gracefully shutting down
2023/04/04 14:07:44 [notice] 1#1: signal 3 (SIGQUIT) received, shutting down
2023/04/04 14:07:44 [notice] 31#31: gracefully shutting down
2023/04/04 14:07:44 [notice] 31#31: gracefully shutting down
2023/04/04 14:07:44 [notice] 32#32: gracefully shutting down
2023/04/04 14:07:44 [notice] 32#32: exiting
2023/04/04 14:07:44 [notice] 30#30: gracefully shutting down
2023/04/04 14:07:44 [notice] 31#31: exiting
2023/04/04 14:07:44 [notice] 33#33: gracefully shutting down
2023/04/04 14:07:44 [notice] 34#34: gracefully shutting down
2023/04/04 14:07:44 [notice] 33#33: exiting
2023/04/04 14:07:44 [notice] 34#34: exiting
2023/04/04 14:07:44 [notice] 34#34: gracefully shutting down
2023/04/04 14:07:44 [notice] 32#32: gracefully shutting down
2023/04/04 14:07:44 [notice] 33#33: gracefully shutting down
2023/04/04 14:07:44 [notice] 31#31: exiting
2023/04/04 14:07:44 [notice] 31#31: exit
2023/04/04 14:07:44 [notice] 30#30: exiting
2023/04/04 14:07:44 [notice] 30#30: exit
2023/04/04 14:07:44 [notice] 32#32: exit
2023/04/04 14:07:44 [notice] 31#31: exit
2023/04/04 14:07:44 [notice] 30#30: exiting
2023/04/04 14:07:44 [notice] 34#34: exit
2023/04/04 14:07:44 [notice] 32#32: exiting
2023/04/04 14:07:44 [notice] 33#33: exiting
2023/04/04 14:07:44 [notice] 33#33: exit
2023/04/04 14:07:44 [notice] 33#33: exit
2023/04/04 14:07:44 [notice] 34#34: exiting
2023/04/04 14:07:44 [notice] 32#32: exit
2023/04/04 14:07:44 [notice] 30#30: exit
2023/04/04 14:07:44 [notice] 34#34: exit
2023/04/04 14:07:44 [notice] 1#1: signal 17 (SIGCHLD) received from 31
2023/04/04 14:07:44 [notice] 1#1: signal 17 (SIGCHLD) received from 31
2023/04/04 14:07:44 [notice] 1#1: worker process 31 exited with code 0
2023/04/04 14:07:44 [notice] 1#1: worker process 30 exited with code 0
2023/04/04 14:07:44 [notice] 1#1: worker process 31 exited with code 0
2023/04/04 14:07:44 [notice] 1#1: worker process 32 exited with code 0
2023/04/04 14:07:44 [notice] 1#1: signal 29 (SIGIO) received
2023/04/04 14:07:44 [notice] 1#1: signal 29 (SIGIO) received
2023/04/04 14:07:45 [notice] 1#1: signal 17 (SIGCHLD) received from 33
2023/04/04 14:07:45 [notice] 1#1: worker process 33 exited with code 0
2023/04/04 14:07:45 [notice] 1#1: signal 29 (SIGIO) received
2023/04/04 14:07:45 [notice] 1#1: signal 17 (SIGCHLD) received from 30
2023/04/04 14:07:45 [notice] 1#1: worker process 30 exited with code 0
2023/04/04 14:07:45 [notice] 1#1: signal 17 (SIGCHLD) received from 32
2023/04/04 14:07:45 [notice] 1#1: worker process 32 exited with code 0
2023/04/04 14:07:45 [notice] 1#1: signal 17 (SIGCHLD) received from 34
2023/04/04 14:07:45 [notice] 1#1: worker process 33 exited with code 0
2023/04/04 14:07:45 [notice] 1#1: worker process 34 exited with code 0
2023/04/04 14:07:45 [notice] 1#1: exit
2023/04/04 14:07:45 [notice] 1#1: worker process 34 exited with code 0
2023/04/04 14:07:45 [notice] 1#1: exit
2023/04/04 14:07:52 [notice] 1#1: using the "epoll" event method
2023/04/04 14:07:52 [notice] 1#1: nginx/1.20.2
2023/04/04 14:07:52 [notice] 1#1: built by gcc 10.2.1 20210110 (Debian 10.2.1-6) 
2023/04/04 14:07:52 [notice] 1#1: OS: Linux 5.10.104-linuxkit
2023/04/04 14:07:52 [notice] 1#1: getrlimit(RLIMIT_NOFILE): 1048576:1048576
2023/04/04 14:07:52 [notice] 1#1: start worker processes
2023/04/04 14:07:52 [notice] 1#1: start worker process 30
2023/04/04 14:07:52 [notice] 1#1: start worker process 31
2023/04/04 14:07:52 [notice] 1#1: start worker process 32
2023/04/04 14:07:52 [notice] 1#1: start worker process 33
2023/04/04 14:07:52 [notice] 1#1: start worker process 34
2023/04/04 14:07:53 [notice] 1#1: using the "epoll" event method
2023/04/04 14:07:53 [notice] 1#1: nginx/1.20.2
2023/04/04 14:07:53 [notice] 1#1: built by gcc 10.2.1 20210110 (Debian 10.2.1-6) 
2023/04/04 14:07:53 [notice] 1#1: OS: Linux 5.10.104-linuxkit
2023/04/04 14:07:53 [notice] 1#1: getrlimit(RLIMIT_NOFILE): 1048576:1048576
2023/04/04 14:07:53 [notice] 1#1: start worker processes
2023/04/04 14:07:53 [notice] 1#1: start worker process 30
2023/04/04 14:07:53 [notice] 1#1: start worker process 31
2023/04/04 14:07:53 [notice] 1#1: start worker process 32
2023/04/04 14:07:53 [notice] 1#1: start worker process 33
2023/04/04 14:07:53 [notice] 1#1: start worker process 34
2023/04/04 14:10:18 [notice] 1#1: signal 3 (SIGQUIT) received, shutting down
2023/04/04 14:10:18 [notice] 31#31: gracefully shutting down
2023/04/04 14:10:18 [notice] 1#1: signal 3 (SIGQUIT) received, shutting down
2023/04/04 14:10:18 [notice] 31#31: exiting
2023/04/04 14:10:18 [notice] 30#30: gracefully shutting down
2023/04/04 14:10:18 [notice] 30#30: gracefully shutting down
2023/04/04 14:10:18 [notice] 30#30: exiting
2023/04/04 14:10:18 [notice] 30#30: exiting
2023/04/04 14:10:18 [notice] 34#34: gracefully shutting down
2023/04/04 14:10:18 [notice] 32#32: gracefully shutting down
2023/04/04 14:10:18 [notice] 32#32: exiting
2023/04/04 14:10:18 [notice] 34#34: gracefully shutting down
2023/04/04 14:10:18 [notice] 34#34: exiting
2023/04/04 14:10:18 [notice] 34#34: exiting
2023/04/04 14:10:18 [notice] 33#33: gracefully shutting down
2023/04/04 14:10:18 [notice] 33#33: exiting
2023/04/04 14:10:18 [notice] 33#33: gracefully shutting down
2023/04/04 14:10:18 [notice] 33#33: exiting
2023/04/04 14:10:18 [notice] 31#31: exit
2023/04/04 14:10:18 [notice] 31#31: gracefully shutting down
2023/04/04 14:10:18 [notice] 30#30: exit
2023/04/04 14:10:18 [notice] 31#31: exiting
2023/04/04 14:10:18 [notice] 32#32: exit
2023/04/04 14:10:18 [notice] 32#32: gracefully shutting down
2023/04/04 14:10:18 [notice] 34#34: exit
2023/04/04 14:10:18 [notice] 30#30: exit
2023/04/04 14:10:18 [notice] 33#33: exit
2023/04/04 14:10:18 [notice] 34#34: exit
2023/04/04 14:10:18 [notice] 33#33: exit
2023/04/04 14:10:18 [notice] 31#31: exit
2023/04/04 14:10:18 [notice] 32#32: exiting
2023/04/04 14:10:18 [notice] 32#32: exit
2023/04/04 14:10:18 [notice] 1#1: signal 17 (SIGCHLD) received from 31
2023/04/04 14:10:18 [notice] 1#1: worker process 31 exited with code 0
2023/04/04 14:10:18 [notice] 1#1: signal 29 (SIGIO) received
2023/04/04 14:10:18 [notice] 1#1: signal 17 (SIGCHLD) received from 34
2023/04/04 14:10:18 [notice] 1#1: worker process 32 exited with code 0
2023/04/04 14:10:18 [notice] 1#1: worker process 34 exited with code 0
2023/04/04 14:10:18 [notice] 1#1: worker process 30 exited with code 0
2023/04/04 14:10:18 [notice] 1#1: signal 29 (SIGIO) received
2023/04/04 14:10:18 [notice] 1#1: signal 17 (SIGCHLD) received from 30
2023/04/04 14:10:18 [notice] 1#1: worker process 33 exited with code 0
2023/04/04 14:10:18 [notice] 1#1: signal 17 (SIGCHLD) received from 34
2023/04/04 14:10:18 [notice] 1#1: worker process 30 exited with code 0
2023/04/04 14:10:18 [notice] 1#1: worker process 34 exited with code 0
2023/04/04 14:10:18 [notice] 1#1: signal 29 (SIGIO) received
2023/04/04 14:10:18 [notice] 1#1: signal 17 (SIGCHLD) received from 30
2023/04/04 14:10:18 [notice] 1#1: worker process 32 exited with code 0
2023/04/04 14:10:18 [notice] 1#1: worker process 33 exited with code 0
2023/04/04 14:10:18 [notice] 1#1: signal 29 (SIGIO) received
2023/04/04 14:10:18 [notice] 1#1: signal 17 (SIGCHLD) received from 33
2023/04/04 14:10:18 [notice] 1#1: exit
2023/04/04 14:10:18 [notice] 1#1: signal 17 (SIGCHLD) received from 31
2023/04/04 14:10:18 [notice] 1#1: worker process 31 exited with code 0
2023/04/04 14:10:18 [notice] 1#1: exit
2023/04/04 14:12:52 [emerg] 1#1: host not found in upstream "php" in /etc/nginx/conf.d/default.conf:12
2023/04/04 14:12:59 [emerg] 1#1: host not found in upstream "php" in /etc/nginx/conf.d/default.conf:12
2023/04/04 14:13:07 [emerg] 1#1: host not found in upstream "php" in /etc/nginx/conf.d/default.conf:12
2023/04/04 14:13:07 [emerg] 1#1: host not found in upstream "php" in /etc/nginx/conf.d/default.conf:12
2023/04/04 14:14:48 [notice] 1#1: using the "epoll" event method
2023/04/04 14:14:48 [notice] 1#1: nginx/1.20.2
2023/04/04 14:14:48 [notice] 1#1: built by gcc 10.2.1 20210110 (Debian 10.2.1-6) 
2023/04/04 14:14:48 [notice] 1#1: OS: Linux 5.10.104-linuxkit
2023/04/04 14:14:48 [notice] 1#1: getrlimit(RLIMIT_NOFILE): 1048576:1048576
2023/04/04 14:14:48 [notice] 1#1: start worker processes
2023/04/04 14:14:48 [notice] 1#1: start worker process 30
2023/04/04 14:14:48 [notice] 1#1: start worker process 31
2023/04/04 14:14:48 [notice] 1#1: start worker process 32
2023/04/04 14:14:48 [notice] 1#1: start worker process 33
2023/04/04 14:14:48 [notice] 1#1: start worker process 34
2023/04/04 14:14:48 [notice] 1#1: using the "epoll" event method
2023/04/04 14:14:48 [notice] 1#1: nginx/1.20.2
2023/04/04 14:14:48 [notice] 1#1: built by gcc 10.2.1 20210110 (Debian 10.2.1-6) 
2023/04/04 14:14:48 [notice] 1#1: OS: Linux 5.10.104-linuxkit
2023/04/04 14:14:48 [notice] 1#1: getrlimit(RLIMIT_NOFILE): 1048576:1048576
2023/04/04 14:14:48 [notice] 1#1: start worker processes
2023/04/04 14:14:48 [notice] 1#1: start worker process 29
2023/04/04 14:14:48 [notice] 1#1: start worker process 30
2023/04/04 14:14:48 [notice] 1#1: start worker process 31
2023/04/04 14:14:48 [notice] 1#1: start worker process 32
2023/04/04 14:14:48 [notice] 1#1: start worker process 33
2023/04/04 14:19:55 [notice] 1#1: signal 3 (SIGQUIT) received, shutting down
2023/04/04 14:19:55 [notice] 1#1: signal 3 (SIGQUIT) received, shutting down
2023/04/04 14:19:55 [notice] 29#29: gracefully shutting down
2023/04/04 14:19:55 [notice] 32#32: gracefully shutting down
2023/04/04 14:19:55 [notice] 30#30: gracefully shutting down
2023/04/04 14:19:55 [notice] 31#31: gracefully shutting down
2023/04/04 14:19:55 [notice] 30#30: gracefully shutting down
2023/04/04 14:19:55 [notice] 33#33: gracefully shutting down
2023/04/04 14:19:55 [notice] 30#30: exiting
2023/04/04 14:19:55 [notice] 33#33: exiting
2023/04/04 14:19:55 [notice] 33#33: gracefully shutting down
2023/04/04 14:19:55 [notice] 33#33: exiting
2023/04/04 14:19:55 [notice] 34#34: gracefully shutting down
2023/04/04 14:19:55 [notice] 32#32: gracefully shutting down
2023/04/04 14:19:55 [notice] 29#29: exiting
2023/04/04 14:19:55 [notice] 29#29: exit
2023/04/04 14:19:55 [notice] 31#31: exiting
2023/04/04 14:19:55 [notice] 31#31: exit
2023/04/04 14:19:55 [notice] 31#31: gracefully shutting down
2023/04/04 14:19:55 [notice] 32#32: exiting
2023/04/04 14:19:55 [notice] 30#30: exit
2023/04/04 14:19:55 [notice] 30#30: exiting
2023/04/04 14:19:55 [notice] 33#33: exit
2023/04/04 14:19:55 [notice] 33#33: exit
2023/04/04 14:19:55 [notice] 34#34: exiting
2023/04/04 14:19:55 [notice] 31#31: exiting
2023/04/04 14:19:55 [notice] 32#32: exit
2023/04/04 14:19:55 [notice] 30#30: exit
2023/04/04 14:19:55 [notice] 32#32: exiting
2023/04/04 14:19:55 [notice] 34#34: exit
2023/04/04 14:19:55 [notice] 31#31: exit
2023/04/04 14:19:55 [notice] 32#32: exit
2023/04/04 14:19:55 [notice] 1#1: signal 17 (SIGCHLD) received from 29
2023/04/04 14:19:55 [notice] 1#1: worker process 29 exited with code 0
2023/04/04 14:19:55 [notice] 1#1: signal 29 (SIGIO) received
2023/04/04 14:19:55 [notice] 1#1: signal 17 (SIGCHLD) received from 30
2023/04/04 14:19:55 [notice] 1#1: worker process 30 exited with code 0
2023/04/04 14:19:55 [notice] 1#1: worker process 31 exited with code 0
2023/04/04 14:19:55 [notice] 1#1: signal 29 (SIGIO) received
2023/04/04 14:19:55 [notice] 1#1: signal 17 (SIGCHLD) received from 31
2023/04/04 14:19:55 [notice] 1#1: worker process 33 exited with code 0
2023/04/04 14:19:55 [notice] 1#1: signal 29 (SIGIO) received
2023/04/04 14:19:55 [notice] 1#1: signal 17 (SIGCHLD) received from 33
2023/04/04 14:19:55 [notice] 1#1: signal 17 (SIGCHLD) received from 30
2023/04/04 14:19:55 [notice] 1#1: worker process 30 exited with code 0
2023/04/04 14:19:55 [notice] 1#1: worker process 31 exited with code 0
2023/04/04 14:19:55 [notice] 1#1: worker process 32 exited with code 0
2023/04/04 14:19:55 [notice] 1#1: worker process 33 exited with code 0
2023/04/04 14:19:55 [notice] 1#1: worker process 34 exited with code 0
2023/04/04 14:19:55 [notice] 1#1: signal 17 (SIGCHLD) received from 32
2023/04/04 14:19:55 [notice] 1#1: worker process 32 exited with code 0
2023/04/04 14:19:55 [notice] 1#1: exit
2023/04/04 14:19:55 [notice] 1#1: exit
2023/04/04 14:20:08 [notice] 1#1: using the "epoll" event method
2023/04/04 14:20:08 [notice] 1#1: nginx/1.20.2
2023/04/04 14:20:08 [notice] 1#1: built by gcc 10.2.1 20210110 (Debian 10.2.1-6) 
2023/04/04 14:20:08 [notice] 1#1: OS: Linux 5.10.104-linuxkit
2023/04/04 14:20:08 [notice] 1#1: getrlimit(RLIMIT_NOFILE): 1048576:1048576
2023/04/04 14:20:08 [notice] 1#1: start worker processes
2023/04/04 14:20:08 [notice] 1#1: start worker process 30
2023/04/04 14:20:08 [notice] 1#1: start worker process 31
2023/04/04 14:20:08 [notice] 1#1: start worker process 32
2023/04/04 14:20:08 [notice] 1#1: start worker process 33
2023/04/04 14:20:08 [notice] 1#1: start worker process 34
2023/04/04 14:20:08 [notice] 1#1: using the "epoll" event method
2023/04/04 14:20:08 [notice] 1#1: nginx/1.20.2
2023/04/04 14:20:08 [notice] 1#1: built by gcc 10.2.1 20210110 (Debian 10.2.1-6) 
2023/04/04 14:20:08 [notice] 1#1: OS: Linux 5.10.104-linuxkit
2023/04/04 14:20:08 [notice] 1#1: getrlimit(RLIMIT_NOFILE): 1048576:1048576
2023/04/04 14:20:08 [notice] 1#1: start worker processes
2023/04/04 14:20:08 [notice] 1#1: start worker process 30
2023/04/04 14:20:08 [notice] 1#1: start worker process 31
2023/04/04 14:20:08 [notice] 1#1: start worker process 32
2023/04/04 14:20:08 [notice] 1#1: start worker process 33
2023/04/04 14:20:08 [notice] 1#1: start worker process 34
2023/04/07 13:31:06 [notice] 1#1: using the "epoll" event method
2023/04/07 13:31:06 [notice] 1#1: nginx/1.20.2
2023/04/07 13:31:06 [notice] 1#1: built by gcc 10.2.1 20210110 (Debian 10.2.1-6) 
2023/04/07 13:31:06 [notice] 1#1: OS: Linux 5.10.104-linuxkit
2023/04/07 13:31:06 [notice] 1#1: using the "epoll" event method
2023/04/07 13:31:06 [notice] 1#1: getrlimit(RLIMIT_NOFILE): 1048576:1048576
2023/04/07 13:31:06 [notice] 1#1: nginx/1.20.2
2023/04/07 13:31:06 [notice] 1#1: built by gcc 10.2.1 20210110 (Debian 10.2.1-6) 
2023/04/07 13:31:06 [notice] 1#1: OS: Linux 5.10.104-linuxkit
2023/04/07 13:31:06 [notice] 1#1: getrlimit(RLIMIT_NOFILE): 1048576:1048576
2023/04/07 13:31:06 [notice] 1#1: start worker processes
2023/04/07 13:31:06 [notice] 1#1: start worker processes
2023/04/07 13:31:06 [notice] 1#1: start worker process 30
2023/04/07 13:31:06 [notice] 1#1: start worker process 30
2023/04/07 13:31:06 [notice] 1#1: start worker process 31
2023/04/07 13:31:06 [notice] 1#1: start worker process 31
2023/04/07 13:31:06 [notice] 1#1: start worker process 32
2023/04/07 13:31:06 [notice] 1#1: start worker process 33
2023/04/07 13:31:06 [notice] 1#1: start worker process 32
2023/04/07 13:31:06 [notice] 1#1: start worker process 34
2023/04/07 13:31:06 [notice] 1#1: start worker process 33
2023/04/07 13:31:06 [notice] 1#1: start worker process 34
2023/04/07 13:41:34 [notice] 1#1: signal 3 (SIGQUIT) received, shutting down
2023/04/07 13:41:34 [notice] 1#1: signal 3 (SIGQUIT) received, shutting down
2023/04/07 13:41:34 [notice] 30#30: gracefully shutting down
2023/04/07 13:41:34 [notice] 31#31: gracefully shutting down
2023/04/07 13:41:34 [notice] 30#30: exiting
2023/04/07 13:41:34 [notice] 33#33: gracefully shutting down
2023/04/07 13:41:34 [notice] 30#30: gracefully shutting down
2023/04/07 13:41:34 [notice] 30#30: exiting
2023/04/07 13:41:34 [notice] 31#31: gracefully shutting down
2023/04/07 13:41:34 [notice] 32#32: gracefully shutting down
2023/04/07 13:41:34 [notice] 32#32: gracefully shutting down
2023/04/07 13:41:34 [notice] 34#34: gracefully shutting down
2023/04/07 13:41:34 [notice] 33#33: gracefully shutting down
2023/04/07 13:41:34 [notice] 30#30: exit
2023/04/07 13:41:34 [notice] 33#33: exiting
2023/04/07 13:41:34 [notice] 33#33: exiting
2023/04/07 13:41:34 [notice] 34#34: gracefully shutting down
2023/04/07 13:41:34 [notice] 33#33: exit
2023/04/07 13:41:34 [notice] 31#31: exiting
2023/04/07 13:41:34 [notice] 30#30: exit
2023/04/07 13:41:34 [notice] 32#32: exiting
2023/04/07 13:41:34 [notice] 31#31: exiting
2023/04/07 13:41:34 [notice] 32#32: exiting
2023/04/07 13:41:34 [notice] 32#32: exit
2023/04/07 13:41:34 [notice] 33#33: exit
2023/04/07 13:41:34 [notice] 34#34: exiting
2023/04/07 13:41:34 [notice] 31#31: exit
2023/04/07 13:41:34 [notice] 32#32: exit
2023/04/07 13:41:34 [notice] 34#34: exit
2023/04/07 13:41:34 [notice] 34#34: exiting
2023/04/07 13:41:34 [notice] 31#31: exit
2023/04/07 13:41:34 [notice] 34#34: exit
2023/04/07 13:41:34 [notice] 1#1: signal 17 (SIGCHLD) received from 30
2023/04/07 13:41:34 [notice] 1#1: worker process 30 exited with code 0
2023/04/07 13:41:34 [notice] 1#1: signal 17 (SIGCHLD) received from 30
2023/04/07 13:41:34 [notice] 1#1: signal 29 (SIGIO) received
2023/04/07 13:41:34 [notice] 1#1: worker process 30 exited with code 0
2023/04/07 13:41:34 [notice] 1#1: signal 29 (SIGIO) received
2023/04/07 13:41:34 [notice] 1#1: signal 17 (SIGCHLD) received from 34
2023/04/07 13:41:34 [notice] 1#1: worker process 34 exited with code 0
2023/04/07 13:41:34 [notice] 1#1: worker process 32 exited with code 0
2023/04/07 13:41:34 [notice] 1#1: signal 29 (SIGIO) received
2023/04/07 13:41:34 [notice] 1#1: signal 17 (SIGCHLD) received from 32
2023/04/07 13:41:34 [notice] 1#1: signal 17 (SIGCHLD) received from 31
2023/04/07 13:41:34 [notice] 1#1: worker process 31 exited with code 0
2023/04/07 13:41:34 [notice] 1#1: signal 29 (SIGIO) received
2023/04/07 13:41:34 [notice] 1#1: signal 17 (SIGCHLD) received from 33
2023/04/07 13:41:34 [notice] 1#1: worker process 32 exited with code 0
2023/04/07 13:41:34 [notice] 1#1: worker process 33 exited with code 0
2023/04/07 13:41:34 [notice] 1#1: worker process 34 exited with code 0
2023/04/07 13:41:34 [notice] 1#1: signal 29 (SIGIO) received
2023/04/07 13:41:34 [notice] 1#1: signal 17 (SIGCHLD) received from 34
2023/04/07 13:41:34 [notice] 1#1: worker process 31 exited with code 0
2023/04/07 13:41:34 [notice] 1#1: signal 17 (SIGCHLD) received from 33
2023/04/07 13:41:34 [notice] 1#1: worker process 33 exited with code 0
2023/04/07 13:41:34 [notice] 1#1: exit
2023/04/07 13:41:34 [notice] 1#1: exit
2023/04/07 13:41:38 [notice] 1#1: using the "epoll" event method
2023/04/07 13:41:38 [notice] 1#1: nginx/1.20.2
2023/04/07 13:41:38 [notice] 1#1: built by gcc 10.2.1 20210110 (Debian 10.2.1-6) 
2023/04/07 13:41:38 [notice] 1#1: OS: Linux 5.10.104-linuxkit
2023/04/07 13:41:38 [notice] 1#1: getrlimit(RLIMIT_NOFILE): 1048576:1048576
2023/04/07 13:41:38 [notice] 1#1: start worker processes
2023/04/07 13:41:38 [notice] 1#1: start worker process 30
2023/04/07 13:41:38 [notice] 1#1: start worker process 31
2023/04/07 13:41:38 [notice] 1#1: start worker process 32
2023/04/07 13:41:38 [notice] 1#1: start worker process 33
2023/04/07 13:41:38 [notice] 1#1: start worker process 34
2023/04/07 13:41:38 [notice] 1#1: using the "epoll" event method
2023/04/07 13:41:38 [notice] 1#1: nginx/1.20.2
2023/04/07 13:41:38 [notice] 1#1: built by gcc 10.2.1 20210110 (Debian 10.2.1-6) 
2023/04/07 13:41:38 [notice] 1#1: OS: Linux 5.10.104-linuxkit
2023/04/07 13:41:38 [notice] 1#1: getrlimit(RLIMIT_NOFILE): 1048576:1048576
2023/04/07 13:41:38 [notice] 1#1: start worker processes
2023/04/07 13:41:38 [notice] 1#1: start worker process 30
2023/04/07 13:41:38 [notice] 1#1: start worker process 31
2023/04/07 13:41:38 [notice] 1#1: start worker process 32
2023/04/07 13:41:38 [notice] 1#1: start worker process 33
2023/04/07 13:41:38 [notice] 1#1: start worker process 34
